Streaming transaction logs mentioning D1fnPW5wVzdkg9vAZF5Ybee5kQxdCQVJHjweD8T9t3JQ. Confirmed commitment
Transaction executed in slot 6:
  Signature: 3mdnJJZyK53QVnYcS97gfKtYzvNe55k7ZYGCtX53kjk78H4LhEDp1rkWY6qBGAjFqovosqtJgEGWdTf2BzKCjQqn
  Status: Ok
  Log Messages:
    Program D1fnPW5wVzdkg9vAZF5Ybee5kQxdCQVJHjweD8T9t3JQ invoke [1]
    Program log: Instruction: InitializeMint
    Program 11111111111111111111111111111111 invoke [2]
    Program 11111111111111111111111111111111 success
    Program D1fnPW5wVzdkg9vAZF5Ybee5kQxdCQVJHjweD8T9t3JQ consumed 14979 of 200000 compute units
    Program D1fnPW5wVzdkg9vAZF5Ybee5kQxdCQVJHjweD8T9t3JQ success
Transaction executed in slot 7:
  Signature: 3F9b5b3WK64siSQZRX97Ev4VCv6mMPJQfppj5jYChBcwDtKsjVCe8iRWyH3ZGu7Zn2jWRXcKoqn1VpA3mJEYfZ28
  Status: Ok
  Log Messages:
    Program D1fnPW5wVzdkg9vAZF5Ybee5kQxdCQVJHjweD8T9t3JQ invoke [1]
    Program log: Instruction: InitializeTokenAccount
    Program 11111111111111111111111111111111 invoke [2]
    Program 11111111111111111111111111111111 success
    Program D1fnPW5wVzdkg9vAZF5Ybee5kQxdCQVJHjweD8T9t3JQ consumed 13169 of 200000 compute units
    Program D1fnPW5wVzdkg9vAZF5Ybee5kQxdCQVJHjweD8T9t3JQ success
Transaction executed in slot 8:
  Signature: 5MMyWBTvFFYAMo1J5yMrNYeBHJ6WwE5oi9Lra9WZzC9EHL9R8Z9u4nefmju9kETQiqp9Yf8sbiV2KsD1N6AavEsd
  Status: Ok
  Log Messages:
    Program D1fnPW5wVzdkg9vAZF5Ybee5kQxdCQVJHjweD8T9t3JQ invoke [1]
    Program log: Instruction: InitializeTokenAccount
    Program 11111111111111111111111111111111 invoke [2]
    Program 11111111111111111111111111111111 success
    Program D1fnPW5wVzdkg9vAZF5Ybee5kQxdCQVJHjweD8T9t3JQ consumed 13169 of 200000 compute units
    Program D1fnPW5wVzdkg9vAZF5Ybee5kQxdCQVJHjweD8T9t3JQ success
Transaction executed in slot 9:
  Signature: SZZvpKYsjDH3MZ3j243YzQ5ue5Z6u8v1VD1c2YEPKaeq9hC3JuqJofYZ15e8C8XU61PEHbRjZEpDzXDUy2QTNx3
  Status: Ok
  Log Messages:
    Program D1fnPW5wVzdkg9vAZF5Ybee5kQxdCQVJHjweD8T9t3JQ invoke [1]
    Program log: Instruction: Mint
    Program log: total supply 100000
    Program log: dst amount 100000
    Program D1fnPW5wVzdkg9vAZF5Ybee5kQxdCQVJHjweD8T9t3JQ consumed 5125 of 200000 compute units
    Program D1fnPW5wVzdkg9vAZF5Ybee5kQxdCQVJHjweD8T9t3JQ success
Transaction executed in slot 11:
  Signature: 5kXVqAu8ZWPXPZshBikdzqXPKFr5Z6tS4CSRCDqchy6NrUBR3xmxB1JtnakrsGYyp8sCeLAxz8kuBB9JHh6CnKtQ
  Status: Ok
  Log Messages:
    Program D1fnPW5wVzdkg9vAZF5Ybee5kQxdCQVJHjweD8T9t3JQ invoke [1]
    Program log: Instruction: Transfer
    Program log: src supply 99999
    Program log: dst amount 1
    Program D1fnPW5wVzdkg9vAZF5Ybee5kQxdCQVJHjweD8T9t3JQ consumed 5328 of 200000 compute units
    Program D1fnPW5wVzdkg9vAZF5Ybee5kQxdCQVJHjweD8T9t3JQ success
